Using pre-set license
Built from '2020.3/release' branch; Version is '2020.3.27f1 (e759542391ea) revision 15161684'; Using compiler version '192528614'; Build Type 'Release'
OS: 'Windows 10  (10.0.19043) 64bit Professional' Language: 'en' Physical Memory: 8102 MB
BatchMode: 1, IsHumanControllingUs: 0, StartBugReporterOnCrash: 0, Is64bit: 1, IsPro: 0

COMMAND LINE ARGUMENTS:
C:\Program Files\Unity\Hub\Editor\2020.3.27f1\Editor\Unity.exe
-adb2
-batchMode
-noUpm
-name
AssetImportWorker0
-projectPath
C:/Users/dougl/Documents/Lightless
-logFile
Logs/AssetImportWorker0.log
-srvPort
53901
Successfully changed project path to: C:/Users/dougl/Documents/Lightless
C:/Users/dougl/Documents/Lightless
Using Asset Import Pipeline V2.
Refreshing native plugins compatible for Editor in 82.91 ms, found 3 plugins.
Preloading 0 native plugins for Editor in 0.00 ms.
Initialize engine version: 2020.3.27f1 (e759542391ea)
[Subsystems] Discovering subsystems at path C:/Program Files/Unity/Hub/Editor/2020.3.27f1/Editor/Data/Resources/UnitySubsystems
[Subsystems] Discovering subsystems at path C:/Users/dougl/Documents/Lightless/Assets
GfxDevice: creating device client; threaded=0
Direct3D:
    Version:  Direct3D 11.0 [level 11.0]
    Renderer: NVIDIA GeForce MX110 (ID=0x174e)
    Vendor:   
    VRAM:     2010 MB
    Driver:   26.21.14.4262
Initialize mono
Mono path[0] = 'C:/Program Files/Unity/Hub/Editor/2020.3.27f1/Editor/Data/Managed'
Mono path[1] = 'C:/Program Files/Unity/Hub/Editor/2020.3.27f1/Editor/Data/MonoBleedingEdge/lib/mono/unityjit'
Mono config path = 'C:/Program Files/Unity/Hub/Editor/2020.3.27f1/Editor/Data/MonoBleedingEdge/etc'
Using monoOptions --debugger-agent=transport=dt_socket,embedding=1,server=y,suspend=n,address=127.0.0.1:56976
Begin MonoManager ReloadAssembly
Registering precompiled unity dll's ...
Register platform support module: C:/Program Files/Unity/Hub/Editor/2020.3.27f1/Editor/Data/PlaybackEngines/WebGLSupport/UnityEditor.WebGL.Extensions.dll
Register platform support module: C:/Program Files/Unity/Hub/Editor/2020.3.27f1/Editor/Data/PlaybackEngines/WindowsStandaloneSupport/UnityEditor.WindowsStandalone.Extensions.dll
Registered in 0.002779 seconds.
Native extension for WindowsStandalone target not found
Native extension for WebGL target not found
Refreshing native plugins compatible for Editor in 82.07 ms, found 3 plugins.
Preloading 0 native plugins for Editor in 0.00 ms.
Mono: successfully reloaded assembly
- Completed reload, in  0.691 seconds
Domain Reload Profiling:
	ReloadAssembly (691ms)
		BeginReloadAssembly (71ms)
			ExecutionOrderSort (0ms)
			DisableScriptedObjects (0ms)
			BackupInstance (0ms)
			ReleaseScriptingObjects (0ms)
			CreateAndSetChildDomain (1ms)
		EndReloadAssembly (539ms)
			LoadAssemblies (69ms)
			RebuildTransferFunctionScriptingTraits (0ms)
			SetupTypeCache (166ms)
			ReleaseScriptCaches (0ms)
			RebuildScriptCaches (35ms)
			SetupLoadedEditorAssemblies (223ms)
				LogAssemblyErrors (0ms)
				InitializePlatformSupportModulesInManaged (6ms)
				SetLoadedEditorAssemblies (0ms)
				RefreshPlugins (82ms)
				BeforeProcessingInitializeOnLoad (11ms)
				ProcessInitializeOnLoadAttributes (93ms)
				ProcessInitializeOnLoadMethodAttributes (31ms)
				AfterProcessingInitializeOnLoad (0ms)
				EditorAssembliesLoaded (0ms)
			ExecutionOrderSort2 (0ms)
			AwakeInstancesAfterBackupRestoration (0ms)
Platform modules already initialized, skipping
Registering precompiled user dll's ...
Registered in 0.006856 seconds.
Begin MonoManager ReloadAssembly
Native extension for WindowsStandalone target not found
Native extension for WebGL target not found
Refreshing native plugins compatible for Editor in 83.09 ms, found 3 plugins.
Preloading 0 native plugins for Editor in 0.00 ms.
Mono: successfully reloaded assembly
- Completed reload, in  1.384 seconds
Domain Reload Profiling:
	ReloadAssembly (1385ms)
		BeginReloadAssembly (172ms)
			ExecutionOrderSort (0ms)
			DisableScriptedObjects (5ms)
			BackupInstance (0ms)
			ReleaseScriptingObjects (0ms)
			CreateAndSetChildDomain (21ms)
		EndReloadAssembly (1144ms)
			LoadAssemblies (119ms)
			RebuildTransferFunctionScriptingTraits (0ms)
			SetupTypeCache (376ms)
			ReleaseScriptCaches (1ms)
			RebuildScriptCaches (68ms)
			SetupLoadedEditorAssemblies (446ms)
				LogAssemblyErrors (0ms)
				InitializePlatformSupportModulesInManaged (5ms)
				SetLoadedEditorAssemblies (0ms)
				RefreshPlugins (83ms)
				BeforeProcessingInitializeOnLoad (109ms)
				ProcessInitializeOnLoadAttributes (218ms)
				ProcessInitializeOnLoadMethodAttributes (23ms)
				AfterProcessingInitializeOnLoad (7ms)
				EditorAssembliesLoaded (0ms)
			ExecutionOrderSort2 (0ms)
			AwakeInstancesAfterBackupRestoration (7ms)
Platform modules already initialized, skipping
========================================================================
Worker process is ready to serve import requests
Launched and connected shader compiler UnityShaderCompiler.exe after 0.10 seconds
Refreshing native plugins compatible for Editor in 0.76 ms, found 3 plugins.
Preloading 0 native plugins for Editor in 0.00 ms.
Unloading 3528 Unused Serialized files (Serialized files now loaded: 0)
System memory in use before: 146.8 MB.
System memory in use after: 146.8 MB.

Unloading 38 unused Assets to reduce memory usage. Loaded Objects now: 3956.
Total: 3.756300 ms (FindLiveObjects: 0.297200 ms CreateObjectMapping: 0.208500 ms MarkObjects: 3.098000 ms  DeleteObjects: 0.151200 ms)

AssetImportParameters requested are different than current active one (requested -> active):
  custom:framework-win-MediaFoundation: 216162199b28c13a410421893ffa2e32 -> 
  custom:video-decoder-ogg-theora: a1e56fd34408186e4bbccfd4996cb3dc -> 
  custom:container-muxer-webm: aa71ff27fc2769a1b78a27578f13a17b -> 
  custom:container-demuxer-webm: 4f35f7cbe854078d1ac9338744f61a02 -> 
  custom:container-demuxer-ogg: 62fdf1f143b41e24485cea50d1cbac27 -> 
  custom:video-encoder-webm-vp8: eb34c28f22e8b96e1ab97ce403110664 -> 
  custom:video-decoder-webm-vp8: 9c59270c3fd7afecdb556c50c9e8de78 -> 
  custom:audio-decoder-ogg-vorbis: bf7c407c2cedff20999df2af8eb42d56 -> 
  custom:audio-encoder-webm-vorbis: bf7c407c2cedff20999df2af8eb42d56 -> 
========================================================================
Received Import Request.
  path: Assets/UniversalRenderPipelineAsset.asset
  artifactKey: Guid(1e95b51cd404ec640ad2257ddb0c3580) Importer(815301076,1909f56bfc062723c751e8b465ee728b)
Start importing Assets/UniversalRenderPipelineAsset.asset using Guid(1e95b51cd404ec640ad2257ddb0c3580) Importer(815301076,1909f56bfc062723c751e8b465ee728b)  -> (artifact id: '4d83e5bcbb63a547ebe81a15b5152d00') in 0.081059 seconds 
  Import took 0.087330 seconds .

========================================================================
Received Import Request.
  Time since last request: 0.000347 seconds.
  path: Assets/UniversalRenderPipelineAsset_Renderer.asset
  artifactKey: Guid(4a26f0a3a161c8c428cbf7b53c69349c) Importer(815301076,1909f56bfc062723c751e8b465ee728b)
Start importing Assets/UniversalRenderPipelineAsset_Renderer.asset using Guid(4a26f0a3a161c8c428cbf7b53c69349c) Importer(815301076,1909f56bfc062723c751e8b465ee728b)  -> (artifact id: '994f92f99174f2ad64ae6e1b0ba7b2c6') in 0.029100 seconds 
  Import took 0.035406 seconds .

========================================================================
Received Import Request.
  Time since last request: 26.018086 seconds.
  path: Assets/New 2D Renderer Data.asset
  artifactKey: Guid(027cea7d8d003004a9aee967daa69da7) Importer(815301076,1909f56bfc062723c751e8b465ee728b)
Start importing Assets/New 2D Renderer Data.asset using Guid(027cea7d8d003004a9aee967daa69da7) Importer(815301076,1909f56bfc062723c751e8b465ee728b)  -> (artifact id: '4bf33574c102b149f20b61767dd34726') in 0.029301 seconds 
  Import took 0.036282 seconds .

========================================================================
Received Prepare
Refreshing native plugins compatible for Editor in 5.52 ms, found 3 plugins.
Preloading 0 native plugins for Editor in 0.00 ms.
Unloading 73 Unused Serialized files (Serialized files now loaded: 0)
System memory in use before: 77.7 MB.
System memory in use after: 77.8 MB.

Unloading 24 unused Assets to reduce memory usage. Loaded Objects now: 4005.
Total: 5.119100 ms (FindLiveObjects: 0.316500 ms CreateObjectMapping: 0.222300 ms MarkObjects: 4.441300 ms  DeleteObjects: 0.137700 ms)

AssetImportParameters requested are different than current active one (requested -> active):
  custom:framework-win-MediaFoundation: 216162199b28c13a410421893ffa2e32 -> 
  custom:video-decoder-ogg-theora: a1e56fd34408186e4bbccfd4996cb3dc -> 
  custom:container-muxer-webm: aa71ff27fc2769a1b78a27578f13a17b -> 
  custom:container-demuxer-webm: 4f35f7cbe854078d1ac9338744f61a02 -> 
  custom:container-demuxer-ogg: 62fdf1f143b41e24485cea50d1cbac27 -> 
  custom:video-encoder-webm-vp8: eb34c28f22e8b96e1ab97ce403110664 -> 
  custom:video-decoder-webm-vp8: 9c59270c3fd7afecdb556c50c9e8de78 -> 
  custom:audio-decoder-ogg-vorbis: bf7c407c2cedff20999df2af8eb42d56 -> 
  custom:audio-encoder-webm-vorbis: bf7c407c2cedff20999df2af8eb42d56 -> 
========================================================================
Received Import Request.
  Time since last request: 220.218818 seconds.
  path: Assets/New 2D Renderer Data.asset
  artifactKey: Guid(027cea7d8d003004a9aee967daa69da7) Importer(815301076,1909f56bfc062723c751e8b465ee728b)
Start importing Assets/New 2D Renderer Data.asset using Guid(027cea7d8d003004a9aee967daa69da7) Importer(815301076,1909f56bfc062723c751e8b465ee728b)  -> (artifact id: '6ab04c37b8bcec64e5cf6643857930dc') in 0.008360 seconds 
  Import took 0.015044 seconds .

========================================================================
Received Import Request.
  Time since last request: 0.000288 seconds.
  path: Assets/UniversalRenderPipelineAsset.asset
  artifactKey: Guid(1e95b51cd404ec640ad2257ddb0c3580) Importer(815301076,1909f56bfc062723c751e8b465ee728b)
Start importing Assets/UniversalRenderPipelineAsset.asset using Guid(1e95b51cd404ec640ad2257ddb0c3580) Importer(815301076,1909f56bfc062723c751e8b465ee728b)  -> (artifact id: '82db604c3e5e28063209c3b6a817d1aa') in 0.005109 seconds 
  Import took 0.011772 seconds .

========================================================================
Received Import Request.
  Time since last request: 0.000432 seconds.
  path: Assets/UniversalRenderPipelineAsset_Renderer.asset
  artifactKey: Guid(4a26f0a3a161c8c428cbf7b53c69349c) Importer(815301076,1909f56bfc062723c751e8b465ee728b)
Start importing Assets/UniversalRenderPipelineAsset_Renderer.asset using Guid(4a26f0a3a161c8c428cbf7b53c69349c) Importer(815301076,1909f56bfc062723c751e8b465ee728b)  -> (artifact id: '9984557bc0b0a149436219c53a7b928f') in 0.008815 seconds 
  Import took 0.016402 seconds .

========================================================================
Received Import Request.
  Time since last request: 3.134467 seconds.
  path: Assets/Resources/Player.prefab
  artifactKey: Guid(afe463a7c1f43a24eace8e1e61ee02d1) Importer(815301076,1909f56bfc062723c751e8b465ee728b)
Start importing Assets/Resources/Player.prefab using Guid(afe463a7c1f43a24eace8e1e61ee02d1) Importer(815301076,1909f56bfc062723c751e8b465ee728b)  -> (artifact id: '90db6a9cc62abfefd7cac8cb4cf880b6') in 0.291366 seconds 
  Import took 0.298734 seconds .

========================================================================
Received Import Request.
  Time since last request: 37.604658 seconds.
  path: Assets/Resources/Player.prefab
  artifactKey: Guid(afe463a7c1f43a24eace8e1e61ee02d1) Importer(815301076,1909f56bfc062723c751e8b465ee728b)
Start importing Assets/Resources/Player.prefab using Guid(afe463a7c1f43a24eace8e1e61ee02d1) Importer(815301076,1909f56bfc062723c751e8b465ee728b)  -> (artifact id: 'e396111c5529a1a144be48d85fac3ae5') in 0.028321 seconds 
  Import took 0.034988 seconds .

========================================================================
Received Import Request.
  Time since last request: 0.000284 seconds.
  path: Assets/Resources/Player3.prefab
  artifactKey: Guid(2b0bfdab83510f2c8bd1c08115809a1e) Importer(815301076,1909f56bfc062723c751e8b465ee728b)
Start importing Assets/Resources/Player3.prefab using Guid(2b0bfdab83510f2c8bd1c08115809a1e) Importer(815301076,1909f56bfc062723c751e8b465ee728b)  -> (artifact id: '97c5ce4b3f5237760d928f604129792b') in 0.028902 seconds 
  Import took 0.035298 seconds .

========================================================================
Received Import Request.
  Time since last request: 0.000320 seconds.
  path: Assets/Resources/Player4.prefab
  artifactKey: Guid(9cfa9ddcb33cf7f8e85e568311aa7aea) Importer(815301076,1909f56bfc062723c751e8b465ee728b)
Start importing Assets/Resources/Player4.prefab using Guid(9cfa9ddcb33cf7f8e85e568311aa7aea) Importer(815301076,1909f56bfc062723c751e8b465ee728b)  -> (artifact id: '8c3583cf1443c5b20058a68a3f1a701a') in 0.035651 seconds 
  Import took 0.042288 seconds .

========================================================================
Received Import Request.
  Time since last request: 0.000287 seconds.
  path: Assets/Resources/Player2.prefab
  artifactKey: Guid(05969804bbf4c6a9b9a0089cb3f37871) Importer(815301076,1909f56bfc062723c751e8b465ee728b)
Start importing Assets/Resources/Player2.prefab using Guid(05969804bbf4c6a9b9a0089cb3f37871) Importer(815301076,1909f56bfc062723c751e8b465ee728b)  -> (artifact id: '19297db013be88c49608a6e5e28ee131') in 0.024850 seconds 
  Import took 0.031223 seconds .

========================================================================
Received Prepare
Refreshing native plugins compatible for Editor in 5.45 ms, found 3 plugins.
Preloading 0 native plugins for Editor in 0.00 ms.
Unloading 26 Unused Serialized files (Serialized files now loaded: 0)
System memory in use before: 81.4 MB.
System memory in use after: 81.5 MB.

Unloading 27 unused Assets to reduce memory usage. Loaded Objects now: 4073.
Total: 4.741600 ms (FindLiveObjects: 0.488200 ms CreateObjectMapping: 0.232700 ms MarkObjects: 3.881800 ms  DeleteObjects: 0.138200 ms)

AssetImportParameters requested are different than current active one (requested -> active):
  custom:framework-win-MediaFoundation: 216162199b28c13a410421893ffa2e32 -> 
  custom:video-decoder-ogg-theora: a1e56fd34408186e4bbccfd4996cb3dc -> 
  custom:container-muxer-webm: aa71ff27fc2769a1b78a27578f13a17b -> 
  custom:container-demuxer-webm: 4f35f7cbe854078d1ac9338744f61a02 -> 
  custom:container-demuxer-ogg: 62fdf1f143b41e24485cea50d1cbac27 -> 
  custom:video-encoder-webm-vp8: eb34c28f22e8b96e1ab97ce403110664 -> 
  custom:video-decoder-webm-vp8: 9c59270c3fd7afecdb556c50c9e8de78 -> 
  custom:audio-decoder-ogg-vorbis: bf7c407c2cedff20999df2af8eb42d56 -> 
  custom:audio-encoder-webm-vorbis: bf7c407c2cedff20999df2af8eb42d56 -> 
========================================================================
Received Import Request.
  Time since last request: 157.462155 seconds.
  path: Assets/Resources/Player.prefab
  artifactKey: Guid(afe463a7c1f43a24eace8e1e61ee02d1) Importer(815301076,1909f56bfc062723c751e8b465ee728b)
Start importing Assets/Resources/Player.prefab using Guid(afe463a7c1f43a24eace8e1e61ee02d1) Importer(815301076,1909f56bfc062723c751e8b465ee728b)  -> (artifact id: 'f09d7a2bcc21c5c72ca152e72f5abc7c') in 0.029020 seconds 
  Import took 0.036823 seconds .

========================================================================
Received Import Request.
  Time since last request: 0.000262 seconds.
  path: Assets/Resources/Player3.prefab
  artifactKey: Guid(2b0bfdab83510f2c8bd1c08115809a1e) Importer(815301076,1909f56bfc062723c751e8b465ee728b)
Start importing Assets/Resources/Player3.prefab using Guid(2b0bfdab83510f2c8bd1c08115809a1e) Importer(815301076,1909f56bfc062723c751e8b465ee728b)  -> (artifact id: '004c406b1c4c8bde13d4ca46210a6e7c') in 0.022610 seconds 
  Import took 0.030272 seconds .

========================================================================
Received Import Request.
  Time since last request: 0.000331 seconds.
  path: Assets/Resources/Player4.prefab
  artifactKey: Guid(9cfa9ddcb33cf7f8e85e568311aa7aea) Importer(815301076,1909f56bfc062723c751e8b465ee728b)
Start importing Assets/Resources/Player4.prefab using Guid(9cfa9ddcb33cf7f8e85e568311aa7aea) Importer(815301076,1909f56bfc062723c751e8b465ee728b)  -> (artifact id: '259bd92c9880a59eaf79be20bf90159c') in 0.024338 seconds 
  Import took 0.031634 seconds .

========================================================================
Received Import Request.
  Time since last request: 0.000253 seconds.
  path: Assets/Resources/Player2.prefab
  artifactKey: Guid(05969804bbf4c6a9b9a0089cb3f37871) Importer(815301076,1909f56bfc062723c751e8b465ee728b)
Start importing Assets/Resources/Player2.prefab using Guid(05969804bbf4c6a9b9a0089cb3f37871) Importer(815301076,1909f56bfc062723c751e8b465ee728b)  -> (artifact id: 'df267b299e976fb8a355eaec3abf991e') in 0.020254 seconds 
  Import took 0.027694 seconds .

========================================================================
Received Prepare
Refreshing native plugins compatible for Editor in 5.40 ms, found 3 plugins.
Preloading 0 native plugins for Editor in 0.00 ms.
Unloading 24 Unused Serialized files (Serialized files now loaded: 0)
System memory in use before: 81.4 MB.
System memory in use after: 81.4 MB.

Unloading 27 unused Assets to reduce memory usage. Loaded Objects now: 4094.
Total: 5.584400 ms (FindLiveObjects: 0.351300 ms CreateObjectMapping: 0.193500 ms MarkObjects: 4.877300 ms  DeleteObjects: 0.161200 ms)

AssetImportParameters requested are different than current active one (requested -> active):
  custom:framework-win-MediaFoundation: 216162199b28c13a410421893ffa2e32 -> 
  custom:video-decoder-ogg-theora: a1e56fd34408186e4bbccfd4996cb3dc -> 
  custom:container-muxer-webm: aa71ff27fc2769a1b78a27578f13a17b -> 
  custom:container-demuxer-webm: 4f35f7cbe854078d1ac9338744f61a02 -> 
  custom:container-demuxer-ogg: 62fdf1f143b41e24485cea50d1cbac27 -> 
  custom:video-encoder-webm-vp8: eb34c28f22e8b96e1ab97ce403110664 -> 
  custom:video-decoder-webm-vp8: 9c59270c3fd7afecdb556c50c9e8de78 -> 
  custom:audio-decoder-ogg-vorbis: bf7c407c2cedff20999df2af8eb42d56 -> 
  custom:audio-encoder-webm-vorbis: bf7c407c2cedff20999df2af8eb42d56 -> 
========================================================================
Received Import Request.
  Time since last request: 236.384414 seconds.
  path: Assets/Resources/Player.prefab
  artifactKey: Guid(afe463a7c1f43a24eace8e1e61ee02d1) Importer(815301076,1909f56bfc062723c751e8b465ee728b)
Start importing Assets/Resources/Player.prefab using Guid(afe463a7c1f43a24eace8e1e61ee02d1) Importer(815301076,1909f56bfc062723c751e8b465ee728b)  -> (artifact id: 'c550a91c3afec75b8d783f3bd22ebd3d') in 0.027372 seconds 
  Import took 0.035383 seconds .

========================================================================
Received Import Request.
  Time since last request: 0.000306 seconds.
  path: Assets/Resources/Player3.prefab
  artifactKey: Guid(2b0bfdab83510f2c8bd1c08115809a1e) Importer(815301076,1909f56bfc062723c751e8b465ee728b)
Start importing Assets/Resources/Player3.prefab using Guid(2b0bfdab83510f2c8bd1c08115809a1e) Importer(815301076,1909f56bfc062723c751e8b465ee728b)  -> (artifact id: 'e64e3eb1256c64ff0dada9fd3357506f') in 0.022970 seconds 
  Import took 0.057449 seconds .

========================================================================
Received Import Request.
  Time since last request: 0.000292 seconds.
  path: Assets/Resources/Player4.prefab
  artifactKey: Guid(9cfa9ddcb33cf7f8e85e568311aa7aea) Importer(815301076,1909f56bfc062723c751e8b465ee728b)
Start importing Assets/Resources/Player4.prefab using Guid(9cfa9ddcb33cf7f8e85e568311aa7aea) Importer(815301076,1909f56bfc062723c751e8b465ee728b)  -> (artifact id: 'f54661e1236545d7ebe167c4948f72e2') in 0.030599 seconds 
  Import took 0.037191 seconds .

========================================================================
Received Import Request.
  Time since last request: 0.000272 seconds.
  path: Assets/Resources/Player2.prefab
  artifactKey: Guid(05969804bbf4c6a9b9a0089cb3f37871) Importer(815301076,1909f56bfc062723c751e8b465ee728b)
Start importing Assets/Resources/Player2.prefab using Guid(05969804bbf4c6a9b9a0089cb3f37871) Importer(815301076,1909f56bfc062723c751e8b465ee728b)  -> (artifact id: '19207216f65177f7d70062db94c9ba88') in 0.023416 seconds 
  Import took 0.029539 seconds .

========================================================================
Received Import Request.
  Time since last request: 2.979644 seconds.
  path: Assets/Resources/ArrowPrefab.prefab
  artifactKey: Guid(37636c569eedd8442b878329fb346748) Importer(815301076,1909f56bfc062723c751e8b465ee728b)
Start importing Assets/Resources/ArrowPrefab.prefab using Guid(37636c569eedd8442b878329fb346748) Importer(815301076,1909f56bfc062723c751e8b465ee728b)  -> (artifact id: 'b882a5ab97daca5347bea034562ad430') in 0.034545 seconds 
  Import took 0.040701 seconds .

========================================================================
Received Import Request.
  Time since last request: 20.408708 seconds.
  path: Assets/Resources/Monstro.prefab
  artifactKey: Guid(ec3762f999876f373add2378e2a23a03) Importer(815301076,1909f56bfc062723c751e8b465ee728b)
Start importing Assets/Resources/Monstro.prefab using Guid(ec3762f999876f373add2378e2a23a03) Importer(815301076,1909f56bfc062723c751e8b465ee728b)  -> (artifact id: '34a5480d8481444c5c414f5450f67c2c') in 0.016834 seconds 
  Import took 0.022794 seconds .

========================================================================
Received Import Request.
  Time since last request: 5.765681 seconds.
  path: Assets/Resources/ArrowPrefab.prefab
  artifactKey: Guid(37636c569eedd8442b878329fb346748) Importer(815301076,1909f56bfc062723c751e8b465ee728b)
Start importing Assets/Resources/ArrowPrefab.prefab using Guid(37636c569eedd8442b878329fb346748) Importer(815301076,1909f56bfc062723c751e8b465ee728b)  -> (artifact id: '641d7d85101567b5425763f5a523854e') in 0.013413 seconds 
  Import took 0.033924 seconds .

========================================================================
Received Import Request.
  Time since last request: 20.324410 seconds.
  path: Assets/Resources/Monstro.prefab
  artifactKey: Guid(ec3762f999876f373add2378e2a23a03) Importer(815301076,1909f56bfc062723c751e8b465ee728b)
Start importing Assets/Resources/Monstro.prefab using Guid(ec3762f999876f373add2378e2a23a03) Importer(815301076,1909f56bfc062723c751e8b465ee728b)  -> (artifact id: '6218a57a1909d583c16f71298aebd219') in 0.014195 seconds 
  Import took 0.020392 seconds .

========================================================================
Received Import Request.
  Time since last request: 9.033830 seconds.
  path: Assets/Resources/Player.prefab
  artifactKey: Guid(afe463a7c1f43a24eace8e1e61ee02d1) Importer(815301076,1909f56bfc062723c751e8b465ee728b)
Start importing Assets/Resources/Player.prefab using Guid(afe463a7c1f43a24eace8e1e61ee02d1) Importer(815301076,1909f56bfc062723c751e8b465ee728b)  -> (artifact id: '49e824c18f7322081b0c89da3fc35ccf') in 0.023697 seconds 
  Import took 0.030920 seconds .

========================================================================
Received Import Request.
  Time since last request: 0.000225 seconds.
  path: Assets/Resources/Player3.prefab
  artifactKey: Guid(2b0bfdab83510f2c8bd1c08115809a1e) Importer(815301076,1909f56bfc062723c751e8b465ee728b)
Start importing Assets/Resources/Player3.prefab using Guid(2b0bfdab83510f2c8bd1c08115809a1e) Importer(815301076,1909f56bfc062723c751e8b465ee728b)  -> (artifact id: '41140300a293f100e323c5575a8a028a') in 0.021390 seconds 
  Import took 0.028516 seconds .

========================================================================
Received Import Request.
  Time since last request: 0.000261 seconds.
  path: Assets/Resources/Player4.prefab
  artifactKey: Guid(9cfa9ddcb33cf7f8e85e568311aa7aea) Importer(815301076,1909f56bfc062723c751e8b465ee728b)
Start importing Assets/Resources/Player4.prefab using Guid(9cfa9ddcb33cf7f8e85e568311aa7aea) Importer(815301076,1909f56bfc062723c751e8b465ee728b)  -> (artifact id: '75c867f13545d12c92479e51a03e4f72') in 0.024407 seconds 
  Import took 0.030953 seconds .

========================================================================
Received Import Request.
  Time since last request: 0.000279 seconds.
  path: Assets/Resources/Player2.prefab
  artifactKey: Guid(05969804bbf4c6a9b9a0089cb3f37871) Importer(815301076,1909f56bfc062723c751e8b465ee728b)
Start importing Assets/Resources/Player2.prefab using Guid(05969804bbf4c6a9b9a0089cb3f37871) Importer(815301076,1909f56bfc062723c751e8b465ee728b)  -> (artifact id: '994c28a796f319ab2a3c5c0270c89ca6') in 0.024725 seconds 
  Import took 0.031832 seconds .

========================================================================
Received Prepare
Refreshing native plugins compatible for Editor in 5.38 ms, found 3 plugins.
Preloading 0 native plugins for Editor in 0.00 ms.
Unloading 24 Unused Serialized files (Serialized files now loaded: 0)
System memory in use before: 81.7 MB.
System memory in use after: 81.8 MB.

Unloading 27 unused Assets to reduce memory usage. Loaded Objects now: 4094.
Total: 5.992100 ms (FindLiveObjects: 0.375300 ms CreateObjectMapping: 0.217500 ms MarkObjects: 5.232200 ms  DeleteObjects: 0.165900 ms)

AssetImportParameters requested are different than current active one (requested -> active):
  custom:framework-win-MediaFoundation: 216162199b28c13a410421893ffa2e32 -> 
  custom:video-decoder-ogg-theora: a1e56fd34408186e4bbccfd4996cb3dc -> 
  custom:container-muxer-webm: aa71ff27fc2769a1b78a27578f13a17b -> 
  custom:container-demuxer-webm: 4f35f7cbe854078d1ac9338744f61a02 -> 
  custom:container-demuxer-ogg: 62fdf1f143b41e24485cea50d1cbac27 -> 
  custom:video-encoder-webm-vp8: eb34c28f22e8b96e1ab97ce403110664 -> 
  custom:video-decoder-webm-vp8: 9c59270c3fd7afecdb556c50c9e8de78 -> 
  custom:audio-decoder-ogg-vorbis: bf7c407c2cedff20999df2af8eb42d56 -> 
  custom:audio-encoder-webm-vorbis: bf7c407c2cedff20999df2af8eb42d56 -> 
AssetImportWorkerClient::OnTransportError - code=2 error=End of file
